<?xml version="1.0" encoding="UTF-8"?>
<testsuite name="com.slissner.codingtasks.dec.api.ApiApplicationTests" tests="1" skipped="0" failures="0" errors="0" timestamp="2024-09-09T08:12:21" hostname="samuel-macbook.local" time="0.677">
  <properties/>
  <testcase name="contextLoads()" classname="com.slissner.codingtasks.dec.api.ApiApplicationTests" time="0.677"/>
  <system-out><![CDATA[10:12:17.910 [Test worker] INFO org.springframework.test.context.support.AnnotationConfigContextLoaderUtils -- Could not detect default configuration classes for test class [com.slissner.codingtasks.dec.api.ApiApplicationTests]: ApiApplicationTests does not declare any static, non-private, non-final, nested classes annotated with @Configuration.
10:12:18.030 [Test worker] INFO org.springframework.boot.test.context.SpringBootTestContextBootstrapper -- Found @SpringBootConfiguration com.slissner.codingtasks.dec.api.ApiApplication for test class com.slissner.codingtasks.dec.api.ApiApplicationTests

  .   ____          _            __ _ _
 /\\ / ___'_ __ _ _(_)_ __  __ _ \ \ \ \
( ( )\___ | '_ | '_| | '_ \/ _` | \ \ \ \
 \\/  ___)| |_)| | | | | || (_| |  ) ) ) )
  '  |____| .__|_| |_|_| |_\__, | / / / /
 =========|_|==============|___/=/_/_/_/

 :: Spring Boot ::                (v3.3.3)

2024-09-09T10:12:18.477+02:00  INFO 4556 --- [api] [    Test worker] c.s.c.dec.api.ApiApplicationTests        : Starting ApiApplicationTests using Java 21.0.1 with PID 4556 (started by samuel in /Users/samuel/Documents/slissner/dec-coding-task/server)
2024-09-09T10:12:18.479+02:00  INFO 4556 --- [api] [    Test worker] c.s.c.dec.api.ApiApplicationTests        : No active profile set, falling back to 1 default profile: "default"
2024-09-09T10:12:19.068+02:00  INFO 4556 --- [api] [    Test worker] .s.d.r.c.RepositoryConfigurationDelegate : Bootstrapping Spring Data JPA repositories in DEFAULT mode.
2024-09-09T10:12:19.088+02:00  INFO 4556 --- [api] [    Test worker] .s.d.r.c.RepositoryConfigurationDelegate : Finished Spring Data repository scanning in 12 ms. Found 0 JPA repository interfaces.
2024-09-09T10:12:19.591+02:00  INFO 4556 --- [api] [    Test worker] com.zaxxer.hikari.HikariDataSource       : HikariPool-1 - Starting...
2024-09-09T10:12:19.751+02:00  INFO 4556 --- [api] [    Test worker] com.zaxxer.hikari.pool.HikariPool        : HikariPool-1 - Added connection org.postgresql.jdbc.PgConnection@5be4be74
2024-09-09T10:12:19.753+02:00  INFO 4556 --- [api] [    Test worker] com.zaxxer.hikari.HikariDataSource       : HikariPool-1 - Start completed.
2024-09-09T10:12:19.775+02:00  INFO 4556 --- [api] [    Test worker] org.flywaydb.core.FlywayExecutor         : Database: jdbc:postgresql://localhost:5432/postgres (PostgreSQL 16.4)
2024-09-09T10:12:19.820+02:00  INFO 4556 --- [api] [    Test worker] o.f.core.internal.command.DbValidate     : Successfully validated 0 migrations (execution time 00:00.020s)
2024-09-09T10:12:19.820+02:00  WARN 4556 --- [api] [    Test worker] o.f.core.internal.command.DbValidate     : No migrations found. Are your locations set up correctly?
2024-09-09T10:12:19.886+02:00  INFO 4556 --- [api] [    Test worker] o.f.core.internal.command.DbMigrate      : Current version of schema "public": << Empty Schema >>
2024-09-09T10:12:19.890+02:00  INFO 4556 --- [api] [    Test worker] o.f.core.internal.command.DbMigrate      : Schema "public" is up to date. No migration necessary.
2024-09-09T10:12:19.984+02:00  INFO 4556 --- [api] [    Test worker] o.hibernate.jpa.internal.util.LogHelper  : HHH000204: Processing PersistenceUnitInfo [name: default]
2024-09-09T10:12:20.034+02:00  INFO 4556 --- [api] [    Test worker] org.hibernate.Version                    : HHH000412: Hibernate ORM core version 6.5.2.Final
2024-09-09T10:12:20.062+02:00  INFO 4556 --- [api] [    Test worker] o.h.c.internal.RegionFactoryInitiator    : HHH000026: Second-level cache disabled
2024-09-09T10:12:20.375+02:00  INFO 4556 --- [api] [    Test worker] o.s.o.j.p.SpringPersistenceUnitInfo      : No LoadTimeWeaver setup: ignoring JPA class transformer
2024-09-09T10:12:20.737+02:00  INFO 4556 --- [api] [    Test worker] o.h.e.t.j.p.i.JtaPlatformInitiator       : HHH000489: No JTA platform available (set 'hibernate.transaction.jta.platform' to enable JTA platform integration)
2024-09-09T10:12:20.741+02:00  INFO 4556 --- [api] [    Test worker] j.LocalContainerEntityManagerFactoryBean : Initialized JPA EntityManagerFactory for persistence unit 'default'
2024-09-09T10:12:20.884+02:00  WARN 4556 --- [api] [    Test worker] JpaBaseConfiguration$JpaWebConfiguration : spring.jpa.open-in-view is enabled by default. Therefore, database queries may be performed during view rendering. Explicitly configure spring.jpa.open-in-view to disable this warning
2024-09-09T10:12:21.268+02:00  WARN 4556 --- [api] [    Test worker] .s.s.UserDetailsServiceAutoConfiguration : 

Using generated security password: 6fad3727-a432-4313-aff5-5fa8c4c53774

This generated password is for development use only. Your security configuration must be updated before running your application in production.

2024-09-09T10:12:21.284+02:00  INFO 4556 --- [api] [    Test worker] r$InitializeUserDetailsManagerConfigurer : Global AuthenticationManager configured with UserDetailsService bean with name inMemoryUserDetailsManager
2024-09-09T10:12:21.442+02:00  INFO 4556 --- [api] [    Test worker] c.s.c.dec.api.ApiApplicationTests        : Started ApiApplicationTests in 3.237 seconds (process running for 4.631)
]]></system-out>
  <system-err><![CDATA[WARNING: A Java agent has been loaded dynamically (/Users/samuel/.gradle/caches/modules-2/files-2.1/net.bytebuddy/byte-buddy-agent/1.14.19/154da3a65b4f4a909d3e5bdec55d1b2b4cbb6ce1/byte-buddy-agent-1.14.19.jar)
WARNING: If a serviceability tool is in use, please run with -XX:+EnableDynamicAgentLoading to hide this warning
WARNING: If a serviceability tool is not in use, please run with -Djdk.instrument.traceUsage for more information
WARNING: Dynamic loading of agents will be disallowed by default in a future release
]]></system-err>
</testsuite>
